0 info it worked if it ends with ok
1 verbose cli [ '/usr/bin/node', '/usr/bin/npm', 'install', 'weinre' ]
2 info using npm@2.11.3
3 info using node@v0.12.7
4 verbose node symlink /usr/bin/node
5 verbose install initial load of /home/sebastien/Hubic/www/Stere/package.json
6 verbose readDependencies loading dependencies from /home/sebastien/Hubic/www/Stere/package.json
7 silly cache add args [ 'weinre', null ]
8 verbose cache add spec weinre
9 silly cache add parsed spec { raw: 'weinre',
9 silly cache add   scope: null,
9 silly cache add   name: 'weinre',
9 silly cache add   rawSpec: '',
9 silly cache add   spec: '*',
9 silly cache add   type: 'range' }
10 silly addNamed weinre@*
11 verbose addNamed "*" is a valid semver range for weinre
12 silly addNameRange { name: 'weinre', range: '*', hasData: false }
13 silly mapToRegistry name weinre
14 silly mapToRegistry using default registry
15 silly mapToRegistry registry https://registry.npmjs.org/
16 silly mapToRegistry uri https://registry.npmjs.org/weinre
17 verbose addNameRange registry:https://registry.npmjs.org/weinre not in flight; fetching
18 verbose request uri https://registry.npmjs.org/weinre
19 verbose request no auth needed
20 info attempt registry request try #1 at 16:59:48
21 verbose request id 42ce2cfd42fc8870
22 verbose etag "9QCJHHFES350KGT627Y19ZKB8"
23 http request GET https://registry.npmjs.org/weinre
24 http 304 https://registry.npmjs.org/weinre
25 silly get cb [ 304,
25 silly get   { date: 'Fri, 30 Oct 2015 15:59:48 GMT',
25 silly get     via: '1.1 varnish',
25 silly get     'cache-control': 'max-age=60',
25 silly get     etag: '"9QCJHHFES350KGT627Y19ZKB8"',
25 silly get     age: '49',
25 silly get     connection: 'keep-alive',
25 silly get     'x-served-by': 'cache-lhr6323-LHR',
25 silly get     'x-cache': 'HIT',
25 silly get     'x-cache-hits': '1',
25 silly get     'x-timer': 'S1446220788.694339,VS0,VE0',
25 silly get     vary: 'Accept' } ]
26 verbose etag https://registry.npmjs.org/weinre from cache
27 verbose get saving weinre to /home/sebastien/.npm/registry.npmjs.org/weinre/.cache.json
28 silly addNameRange number 2 { name: 'weinre', range: '*', hasData: true }
29 silly addNameRange versions [ 'weinre',
29 silly addNameRange   [ '2.0.0-pre-H0WTHDO5-incubating',
29 silly addNameRange     '2.0.0-pre-H1GCS73N-incubating',
29 silly addNameRange     '2.0.0-pre-H3FWTQKQ-incubating',
29 silly addNameRange     '2.0.0-pre-H41DGW8S-incubating',
29 silly addNameRange     '2.0.0-pre-H8EOSCLN-incubating',
29 silly addNameRange     '2.0.0-pre-H9PU2WST-incubating',
29 silly addNameRange     '2.0.0-pre-HA5N9T49',
29 silly addNameRange     '2.0.0-pre-HG9PLCRF',
29 silly addNameRange     '2.0.0-pre-HH0SN197',
29 silly addNameRange     '2.0.0-pre-HYFXM3QM',
29 silly addNameRange     '2.0.0-pre-HZ79PDUK',
29 silly addNameRange     '2.0.0-pre-HZO3BMNG',
29 silly addNameRange     '2.0.0-pre-I0Z7U9OV' ] ]
30 verbose stack Error: No compatible version found: weinre@'*'
30 verbose stack Valid install targets:
30 verbose stack ["2.0.0-pre-H0WTHDO5-incubating","2.0.0-pre-H1GCS73N-incubating","2.0.0-pre-H3FWTQKQ-incubating","2.0.0-pre-H41DGW8S-incubating","2.0.0-pre-H8EOSCLN-incubating","2.0.0-pre-H9PU2WST-incubating","2.0.0-pre-HA5N9T49","2.0.0-pre-HG9PLCRF","2.0.0-pre-HH0SN197","2.0.0-pre-HYFXM3QM","2.0.0-pre-HZ79PDUK","2.0.0-pre-HZO3BMNG","2.0.0-pre-I0Z7U9OV"]
30 verbose stack
30 verbose stack     at installTargetsError (/usr/lib/node_modules/npm/lib/cache/add-named.js:274:12)
30 verbose stack     at next (/usr/lib/node_modules/npm/lib/cache/add-named.js:253:17)
30 verbose stack     at setData (/usr/lib/node_modules/npm/lib/cache/add-named.js:230:5)
30 verbose stack     at RES (/usr/lib/node_modules/npm/node_modules/inflight/inflight.js:23:14)
30 verbose stack     at f (/usr/lib/node_modules/npm/node_modules/once/once.js:17:25)
30 verbose stack     at fixName (/usr/lib/node_modules/npm/lib/cache/add-named.js:29:5)
30 verbose stack     at saved (/usr/lib/node_modules/npm/lib/cache/caching-client.js:173:7)
30 verbose stack     at FSReqWrap.oncomplete (fs.js:95:15)
31 verbose cwd /home/sebastien/Hubic/www/Stere
32 error Linux 3.19.0-31-generic
33 error argv "/usr/bin/node" "/usr/bin/npm" "install" "weinre"
34 error node v0.12.7
35 error npm  v2.11.3
36 error code ETARGET
37 error notarget No compatible version found: weinre@'*'
37 error notarget Valid install targets:
37 error notarget ["2.0.0-pre-H0WTHDO5-incubating","2.0.0-pre-H1GCS73N-incubating","2.0.0-pre-H3FWTQKQ-incubating","2.0.0-pre-H41DGW8S-incubating","2.0.0-pre-H8EOSCLN-incubating","2.0.0-pre-H9PU2WST-incubating","2.0.0-pre-HA5N9T49","2.0.0-pre-HG9PLCRF","2.0.0-pre-HH0SN197","2.0.0-pre-HYFXM3QM","2.0.0-pre-HZ79PDUK","2.0.0-pre-HZO3BMNG","2.0.0-pre-I0Z7U9OV"]
37 error notarget
37 error notarget This is most likely not a problem with npm itself.
37 error notarget In most cases you or one of your dependencies are requesting
37 error notarget a package version that doesn't exist.
38 verbose exit [ 1, true ]
